::1 - - [28/Apr/2024:11:01:42 +0000] "GET /api/v1/portfolio/getAllPortfolio HTTP/1.1" 404 171
::1 - - [28/Apr/2024:11:01:48 +0000] "POST /api/v1/portfolio/login HTTP/1.1" 200 171
::1 - - [28/Apr/2024:11:01:48 +0000] "GET /api/v1/portfolio/getAllPortfolio HTTP/1.1" 404 171
::1 - - [28/Apr/2024:11:01:56 +0000] "POST /api/v1/portfolio/login HTTP/1.1" 200 171
::1 - - [28/Apr/2024:11:01:56 +0000] "GET /api/v1/portfolio/getAllPortfolio HTTP/1.1" 404 171
::1 - - [28/Apr/2024:11:04:08 +0000] "GET /api/v1/portfolio/getAllPortfolio HTTP/1.1" 404 171
::1 - - [28/Apr/2024:11:06:41 +0000] "POST /api/v1/portfolio/login HTTP/1.1" 200 171
::1 - - [28/Apr/2024:11:06:41 +0000] "GET /api/v1/portfolio/getAllPortfolio/usr100000001 HTTP/1.1" 400 67
::1 - - [28/Apr/2024:11:07:15 +0000] "POST /api/v1/portfolio/login HTTP/1.1" 200 171
::1 - - [28/Apr/2024:11:07:15 +0000] "GET /api/v1/portfolio/getAllPortfolio/usr100000001 HTTP/1.1" 400 67
::1 - - [28/Apr/2024:11:08:06 +0000] "GET /api/v1/portfolio/getAllPortfolio HTTP/1.1" 404 171
::1 - - [28/Apr/2024:11:09:11 +0000] "GET /api/v1/portfolio/getAllPortfolio HTTP/1.1" 404 171
::1 - - [28/Apr/2024:11:12:54 +0000] "GET /api/v1/portfolio/getAllPortfolio HTTP/1.1" 404 171
::1 - - [28/Apr/2024:11:13:32 +0000] "GET /api/v1/portfolio/getAllPortfolio HTTP/1.1" 404 171
::1 - - [28/Apr/2024:11:16:08 +0000] "GET /api/v1/portfolio/getAllPortfolio/usr100000001 HTTP/1.1" 400 67
::1 - - [28/Apr/2024:11:16:09 +0000] "GET /api/v1/portfolio/getAllPortfolio/usr100000001 HTTP/1.1" 400 67
::1 - - [28/Apr/2024:11:20:14 +0000] "GET /api/v1/portfolio/getAllPortfolio/usr100000001 HTTP/1.1" 400 67
::1 - - [28/Apr/2024:11:20:38 +0000] "GET /api/v1/portfolio/getAllPortfolio/usr100000001 HTTP/1.1" 400 67
::1 - - [28/Apr/2024:11:21:10 +0000] "GET /api/v1/portfolio/getAllPortfolio/usr100000001 HTTP/1.1" 400 67
::1 - - [28/Apr/2024:11:23:38 +0000] "GET /api/v1/portfolio/getAllPortfolio/usr100000001 HTTP/1.1" 400 67
::1 - - [28/Apr/2024:11:25:19 +0000] "POST /api/v1/portfolio/login HTTP/1.1" 200 171
::1 - - [28/Apr/2024:11:25:19 +0000] "GET /api/v1/portfolio/getAllPortfolio/usr100000001 HTTP/1.1" 400 67
::1 - - [28/Apr/2024:11:26:02 +0000] "POST /api/v1/portfolio/updateIntro HTTP/1.1" 200 293
::1 - - [28/Apr/2024:11:27:16 +0000] "GET /api/v1/portfolio/getAllPortfolio/usr100000001 HTTP/1.1" 400 67
::1 - - [28/Apr/2024:11:28:08 +0000] "POST /api/v1/portfolio/updateIntro HTTP/1.1" 200 355
::1 - - [28/Apr/2024:11:29:20 +0000] "POST /api/v1/portfolio/signup HTTP/1.1" 200 280
::1 - - [28/Apr/2024:11:29:30 +0000] "POST /api/v1/portfolio/login HTTP/1.1" 400 70
::1 - - [28/Apr/2024:11:29:36 +0000] "POST /api/v1/portfolio/login HTTP/1.1" 400 70
::1 - - [28/Apr/2024:11:34:17 +0000] "POST /api/v1/portfolio/login HTTP/1.1" 400 70
::1 - - [28/Apr/2024:11:36:30 +0000] "POST /api/v1/portfolio/login HTTP/1.1" 400 70
::1 - - [28/Apr/2024:11:40:47 +0000] "POST /api/v1/portfolio/login HTTP/1.1" 400 70
::1 - - [28/Apr/2024:11:42:12 +0000] "POST /api/v1/portfolio/login HTTP/1.1" 400 70
::1 - - [28/Apr/2024:11:47:03 +0000] "POST /api/v1/portfolio/login HTTP/1.1" 400 70
::1 - - [28/Apr/2024:11:47:30 +0000] "POST /api/v1/portfolio/login HTTP/1.1" 400 70
::1 - - [28/Apr/2024:11:50:58 +0000] "POST /api/v1/portfolio/login HTTP/1.1" 400 70
::1 - - [28/Apr/2024:11:53:43 +0000] "POST /api/v1/portfolio/login HTTP/1.1" 200 247
::1 - - [28/Apr/2024:11:53:43 +0000] "GET /api/v1/portfolio/getAllPortfolio/usr100000002 HTTP/1.1" 400 67
::1 - - [28/Apr/2024:12:05:06 +0000] "GET /api/v1/portfolio/getAllPortfolio/usr100000002 HTTP/1.1" 400 67
::1 - - [28/Apr/2024:12:05:07 +0000] "GET /api/v1/portfolio/getAllPortfolio/usr100000001 HTTP/1.1" 400 67
::1 - - [28/Apr/2024:12:10:37 +0000] "GET /api/v1/portfolio/getAllPortfolio/usr100000001 HTTP/1.1" 400 67
::1 - - [28/Apr/2024:12:12:52 +0000] "GET /api/v1/portfolio/getAllPortfolio/usr100000001 HTTP/1.1" 400 67
::1 - - [28/Apr/2024:12:14:31 +0000] "GET /api/v1/portfolio/getAllPortfolio/usr100000001 HTTP/1.1" 400 67
::1 - - [28/Apr/2024:12:17:02 +0000] "GET /api/v1/portfolio/getAllPortfolio/usr100000001 HTTP/1.1" 400 67
::1 - - [28/Apr/2024:12:17:31 +0000] "GET /api/v1/portfolio/getAllPortfolio/usr100000001 HTTP/1.1" 400 67
::1 - - [28/Apr/2024:12:17:37 +0000] "POST /api/v1/portfolio/login HTTP/1.1" 400 70
::1 - - [28/Apr/2024:12:17:52 +0000] "POST /api/v1/portfolio/login HTTP/1.1" 200 247
::1 - - [28/Apr/2024:12:17:52 +0000] "GET /api/v1/portfolio/getAllPortfolio/usr100000002 HTTP/1.1" 400 67
::1 - - [28/Apr/2024:12:19:53 +0000] "POST /api/v1/portfolio/login HTTP/1.1" 200 247
::1 - - [28/Apr/2024:12:19:53 +0000] "GET /api/v1/portfolio/getAllPortfolio/usr100000002 HTTP/1.1" 400 67
::1 - - [28/Apr/2024:12:28:50 +0000] "POST /api/v1/portfolio/login HTTP/1.1" 200 247
::1 - - [28/Apr/2024:12:28:50 +0000] "GET /api/v1/portfolio/getAllPortfolio/usr100000002 HTTP/1.1" 400 67
::1 - - [28/Apr/2024:12:30:45 +0000] "POST /api/v1/portfolio/login HTTP/1.1" 200 247
::1 - - [28/Apr/2024:12:30:45 +0000] "GET /api/v1/portfolio/getAllPortfolio/usr100000002 HTTP/1.1" 400 67
::1 - - [28/Apr/2024:12:32:58 +0000] "POST /api/v1/portfolio/login HTTP/1.1" 200 247
::1 - - [28/Apr/2024:12:32:58 +0000] "GET /api/v1/portfolio/getAllPortfolio/usr100000002 HTTP/1.1" 200 65
::1 - - [28/Apr/2024:12:41:33 +0000] "POST /api/v1/portfolio/login HTTP/1.1" 200 247
::1 - - [28/Apr/2024:12:41:33 +0000] "GET /api/v1/portfolio/getAllPortfolio/usr100000002 HTTP/1.1" 200 25
::1 - - [28/Apr/2024:12:41:57 +0000] "POST /api/v1/portfolio/login HTTP/1.1" 200 247
::1 - - [28/Apr/2024:12:41:57 +0000] "GET /api/v1/portfolio/getAllPortfolio/usr100000002 HTTP/1.1" 304 -
::1 - - [28/Apr/2024:12:43:32 +0000] "POST /api/v1/portfolio/login HTTP/1.1" 200 247
::1 - - [28/Apr/2024:12:43:32 +0000] "GET /api/v1/portfolio/getAllPortfolio/usr100000002 HTTP/1.1" 200 27
::1 - - [28/Apr/2024:12:46:10 +0000] "GET /api/v1/portfolio/getAllPortfolio/usr100000002 HTTP/1.1" 304 -
::1 - - [28/Apr/2024:12:46:25 +0000] "GET /api/v1/portfolio/getAllPortfolio/usr100000002 HTTP/1.1" 304 -
::1 - - [28/Apr/2024:12:46:52 +0000] "GET /api/v1/portfolio/getAllPortfolio/usr100000002 HTTP/1.1" 304 -
::1 - - [28/Apr/2024:12:47:14 +0000] "GET /api/v1/portfolio/getAllPortfolio/usr100000002 HTTP/1.1" 304 -
::1 - - [28/Apr/2024:12:47:58 +0000] "GET /api/v1/portfolio/getAllPortfolio/usr100000002 HTTP/1.1" 304 -
::1 - - [28/Apr/2024:12:54:27 +0000] "GET /api/v1/portfolio/getAllPortfolio/usr100000002 HTTP/1.1" 304 -
::1 - - [28/Apr/2024:12:58:18 +0000] "GET /api/v1/portfolio/getAllPortfolio/usr100000002 HTTP/1.1" 304 -
::1 - - [28/Apr/2024:12:59:15 +0000] "POST /api/v1/portfolio/updateIntro HTTP/1.1" 200 293
::1 - - [28/Apr/2024:12:59:35 +0000] "GET /api/v1/portfolio/getAllPortfolio/usr100000002 HTTP/1.1" 400 67
::1 - - [28/Apr/2024:13:02:50 +0000] "POST /api/v1/portfolio/login HTTP/1.1" 200 247
::1 - - [28/Apr/2024:13:02:50 +0000] "GET /api/v1/portfolio/getAllPortfolio/usr100000002 HTTP/1.1" 200 254
::1 - - [28/Apr/2024:13:05:57 +0000] "POST /api/v1/portfolio/login HTTP/1.1" 200 247
::1 - - [28/Apr/2024:13:05:57 +0000] "GET /api/v1/portfolio/getAllPortfolio/usr100000002 HTTP/1.1" 200 27
::1 - - [28/Apr/2024:13:07:59 +0000] "POST /api/v1/portfolio/updateContact HTTP/1.1" 200 78
::1 - - [28/Apr/2024:13:09:18 +0000] "POST /api/v1/portfolio/updateContact HTTP/1.1" 200 241
::1 - - [28/Apr/2024:13:09:37 +0000] "GET /api/v1/portfolio/getAllPortfolio/usr100000002 HTTP/1.1" 200 145
::1 - - [28/Apr/2024:13:10:37 +0000] "POST /api/v1/portfolio/login HTTP/1.1" 200 247
::1 - - [28/Apr/2024:13:10:37 +0000] "GET /api/v1/portfolio/getAllPortfolio/usr100000002 HTTP/1.1" 200 137
::1 - - [28/Apr/2024:14:14:01 +0000] "POST /api/v1/portfolio/login HTTP/1.1" 200 247
::1 - - [28/Apr/2024:14:14:01 +0000] "GET /api/v1/portfolio/getAllPortfolio/usr100000002 HTTP/1.1" 200 27
::1 - - [28/Apr/2024:14:14:35 +0000] "POST /api/v1/portfolio/updateIntro HTTP/1.1" 200 292
::1 - - [28/Apr/2024:14:14:48 +0000] "GET /api/v1/portfolio/getAllPortfolio/usr100000002 HTTP/1.1" 200 253
::1 - - [28/Apr/2024:16:56:03 +0000] "POST /api/v1/portfolio/signup HTTP/1.1" 200 278
::1 - - [28/Apr/2024:17:01:36 +0000] "POST /api/v1/portfolio/signup HTTP/1.1" 200 280
::1 - - [28/Apr/2024:17:01:45 +0000] "POST /api/v1/portfolio/login HTTP/1.1" 200 245
::1 - - [28/Apr/2024:17:01:45 +0000] "GET /api/v1/portfolio/getAllPortfolio/usr100000001 HTTP/1.1" 200 316
::1 - - [28/Apr/2024:17:02:59 +0000] "POST /api/v1/portfolio/login HTTP/1.1" 200 247
::1 - - [28/Apr/2024:17:02:59 +0000] "GET /api/v1/portfolio/getAllPortfolio/usr100000002 HTTP/1.1" 304 -
::1 - - [28/Apr/2024:17:03:58 +0000] "POST /api/v1/portfolio/login HTTP/1.1" 200 245
::1 - - [28/Apr/2024:17:03:58 +0000] "GET /api/v1/portfolio/getAllPortfolio/usr100000001 HTTP/1.1" 200 961
::1 - - [28/Apr/2024:17:05:00 +0000] "POST /api/v1/portfolio/login HTTP/1.1" 200 245
::1 - - [28/Apr/2024:17:05:00 +0000] "GET /api/v1/portfolio/getAllPortfolio/usr100000001 HTTP/1.1" 200 4889
::1 - - [28/Apr/2024:17:06:07 +0000] "POST /api/v1/portfolio/login HTTP/1.1" 200 245
::1 - - [28/Apr/2024:17:06:07 +0000] "GET /api/v1/portfolio/getAllPortfolio/usr100000001 HTTP/1.1" 304 -
::1 - - [28/Apr/2024:17:19:15 +0000] "POST /api/v1/portfolio/login HTTP/1.1" 200 245
::1 - - [28/Apr/2024:17:19:15 +0000] "GET /api/v1/portfolio/getAllPortfolio/usr100000001 HTTP/1.1" 304 -
::1 - - [28/Apr/2024:17:19:15 +0000] "GET /api/v1/portfolio/getAllPortfolio/usr100000001 HTTP/1.1" 304 -
::1 - - [28/Apr/2024:17:21:06 +0000] "POST /api/v1/portfolio/login HTTP/1.1" 200 245
::1 - - [28/Apr/2024:17:21:06 +0000] "GET /api/v1/portfolio/getAllPortfolio/usr100000001 HTTP/1.1" 304 -
::1 - - [28/Apr/2024:17:21:06 +0000] "GET /api/v1/portfolio/getAllPortfolio?username=shailendra HTTP/1.1" 404 171
::1 - - [28/Apr/2024:17:29:38 +0000] "POST /api/v1/portfolio/login HTTP/1.1" 200 245
::1 - - [28/Apr/2024:17:29:38 +0000] "GET /api/v1/portfolio/getAllPortfolio/usr100000001 HTTP/1.1" 200 27
::1 - - [28/Apr/2024:17:29:38 +0000] "GET /api/v1/portfolio/getAllPortfolio?username=shailendra HTTP/1.1" 404 171
::1 - - [28/Apr/2024:17:31:19 +0000] "GET /api/v1/portfolio/getAllPortfolio?username=shailendra HTTP/1.1" 404 171
::1 - - [28/Apr/2024:17:31:32 +0000] "GET /api/v1/portfolio/getAllPortfolio?username=shailendra HTTP/1.1" 404 171
::1 - - [28/Apr/2024:17:31:36 +0000] "GET /api/v1/portfolio/getAllPortfolio?username=shailendra HTTP/1.1" 404 171
::1 - - [28/Apr/2024:17:31:36 +0000] "GET /api/v1/portfolio/getAllPortfolio/usr100000001 HTTP/1.1" 304 -
::1 - - [28/Apr/2024:17:36:22 +0000] "GET /api/v1/portfolio/getAllPortfolio?username=shailendra HTTP/1.1" 200 4889
::1 - - [28/Apr/2024:17:37:18 +0000] "GET /api/v1/portfolio/getAllPortfolio?username=shailendra HTTP/1.1" 304 -
::1 - - [28/Apr/2024:17:39:23 +0000] "POST /api/v1/portfolio/login HTTP/1.1" 200 245
::1 - - [28/Apr/2024:17:39:23 +0000] "GET /api/v1/portfolio/getAllPortfolio/usr100000001 HTTP/1.1" 404 184
::1 - - [28/Apr/2024:17:42:19 +0000] "GET /api/v1/portfolio/getAllPortfolio?username=shailendra HTTP/1.1" 304 -
::1 - - [28/Apr/2024:18:15:22 +0000] "POST /api/v1/portfolio/login HTTP/1.1" 200 245
::1 - - [28/Apr/2024:18:15:22 +0000] "GET /api/v1/portfolio/getAllPortfolio/usr100000001 HTTP/1.1" 404 184
::1 - - [28/Apr/2024:18:15:30 +0000] "POST /api/v1/portfolio/login HTTP/1.1" 200 245
::1 - - [28/Apr/2024:18:15:30 +0000] "GET /api/v1/portfolio/getAllPortfolio/usr100000001 HTTP/1.1" 404 184
::1 - - [28/Apr/2024:18:15:30 +0000] "GET /api/v1/portfolio/getAllPortfolio?username=shailendra HTTP/1.1" 200 4894
::1 - - [28/Apr/2024:18:18:53 +0000] "GET /api/v1/portfolio/getAllPortfolio?username=shailendra HTTP/1.1" 304 -
::1 - - [28/Apr/2024:18:20:17 +0000] "POST /api/v1/portfolio/login HTTP/1.1" 200 245
::1 - - [28/Apr/2024:18:20:17 +0000] "GET /api/v1/portfolio/getAllPortfolio?username=shailendra HTTP/1.1" 304 -
::1 - - [28/Apr/2024:18:20:49 +0000] "POST /api/v1/portfolio/updateAbout HTTP/1.1" 200 76
::1 - - [28/Apr/2024:18:20:59 +0000] "GET /api/v1/portfolio/getAllPortfolio?username=shailendra HTTP/1.1" 304 -
::1 - - [28/Apr/2024:18:22:11 +0000] "POST /api/v1/portfolio/login HTTP/1.1" 200 245
::1 - - [28/Apr/2024:18:22:11 +0000] "GET /api/v1/portfolio/getAllPortfolio?username=shailendra HTTP/1.1" 304 -
::1 - - [28/Apr/2024:18:22:32 +0000] "POST /api/v1/portfolio/updateAbout HTTP/1.1" 200 76
::1 - - [28/Apr/2024:18:25:42 +0000] "POST /api/v1/portfolio/updateAbout HTTP/1.1" 200 710
::1 - - [28/Apr/2024:18:26:57 +0000] "GET /api/v1/portfolio/getAllPortfolio?username=shailendra HTTP/1.1" 200 4896
::1 - - [28/Apr/2024:18:27:01 +0000] "GET /api/v1/portfolio/getAllPortfolio?username=shailendra HTTP/1.1" 304 -
::1 - - [28/Apr/2024:18:27:25 +0000] "POST /api/v1/portfolio/login HTTP/1.1" 200 245
::1 - - [28/Apr/2024:18:27:25 +0000] "GET /api/v1/portfolio/getAllPortfolio?username=shailendra HTTP/1.1" 304 -
::1 - - [28/Apr/2024:18:27:34 +0000] "GET /api/v1/portfolio/getAllPortfolio?username=shailendra HTTP/1.1" 304 -
::1 - - [28/Apr/2024:18:27:41 +0000] "GET /api/v1/portfolio/getAllPortfolio?username=shailendra HTTP/1.1" 304 -
::1 - - [28/Apr/2024:18:28:50 +0000] "POST /api/v1/portfolio/login HTTP/1.1" 200 245
::1 - - [28/Apr/2024:18:28:50 +0000] "GET /api/v1/portfolio/getAllPortfolio?username=shailendra HTTP/1.1" 304 -
::1 - - [28/Apr/2024:18:33:35 +0000] "GET /api/v1/portfolio/getAllPortfolio?username=shailendra HTTP/1.1" 304 -
::1 - - [28/Apr/2024:18:33:44 +0000] "POST /api/v1/portfolio/login HTTP/1.1" 200 245
::1 - - [28/Apr/2024:18:33:44 +0000] "GET /api/v1/portfolio/getAllPortfolio?username=shailendra HTTP/1.1" 304 -
::1 - - [28/Apr/2024:18:33:48 +0000] "POST /api/v1/portfolio/login HTTP/1.1" 200 245
::1 - - [28/Apr/2024:18:33:48 +0000] "GET /api/v1/portfolio/getAllPortfolio?username=shailendra HTTP/1.1" 304 -
::1 - - [28/Apr/2024:18:33:50 +0000] "GET /api/v1/portfolio/getAllPortfolio?username=shailendra HTTP/1.1" 304 -
::1 - - [28/Apr/2024:18:34:02 +0000] "GET /api/v1/portfolio/getAllPortfolio?username=shailendra HTTP/1.1" 304 -
::1 - - [28/Apr/2024:18:34:33 +0000] "POST /api/v1/portfolio/login HTTP/1.1" 200 247
::1 - - [28/Apr/2024:18:34:33 +0000] "GET /api/v1/portfolio/getAllPortfolio?username=vaibhav HTTP/1.1" 200 253
::1 - - [28/Apr/2024:18:34:39 +0000] "GET /api/v1/portfolio/getAllPortfolio?username=vaibhav HTTP/1.1" 304 -
::1 - - [28/Apr/2024:18:35:04 +0000] "GET /api/v1/portfolio/getAllPortfolio?username=vaibhav HTTP/1.1" 304 -
::1 - - [28/Apr/2024:18:42:53 +0000] "POST /api/v1/portfolio/login HTTP/1.1" 200 245
::1 - - [28/Apr/2024:18:42:53 +0000] "GET /api/v1/portfolio/getAllPortfolio?username=shailendra HTTP/1.1" 304 -
::1 - - [28/Apr/2024:18:42:54 +0000] "GET /api/v1/portfolio/getAllPortfolio?username=shailendra HTTP/1.1" 304 -
::1 - - [28/Apr/2024:18:44:27 +0000] "GET /api/v1/portfolio/getAllPortfolio?username=shailendra HTTP/1.1" 304 -
::1 - - [28/Apr/2024:18:44:55 +0000] "GET /api/v1/portfolio/getAllPortfolio?username=shailendra HTTP/1.1" 304 -
::1 - - [28/Apr/2024:18:45:11 +0000] "POST /api/v1/portfolio/login HTTP/1.1" 200 247
::1 - - [28/Apr/2024:18:45:11 +0000] "GET /api/v1/portfolio/getAllPortfolio?username=vaibhav HTTP/1.1" 304 -
::1 - - [28/Apr/2024:18:46:50 +0000] "POST /api/v1/portfolio/updateAbout HTTP/1.1" 200 76
::1 - - [28/Apr/2024:18:49:11 +0000] "POST /api/v1/portfolio/updateAbout HTTP/1.1" 200 254
::1 - - [28/Apr/2024:18:49:21 +0000] "GET /api/v1/portfolio/getAllPortfolio?username=vaibhav HTTP/1.1" 200 444
::1 - - [28/Apr/2024:18:51:52 +0000] "POST /api/v1/portfolio/updateContact HTTP/1.1" 200 250
::1 - - [28/Apr/2024:18:51:54 +0000] "POST /api/v1/portfolio/updateContact HTTP/1.1" 200 250
::1 - - [28/Apr/2024:18:51:57 +0000] "GET /api/v1/portfolio/getAllPortfolio?username=vaibhav HTTP/1.1" 200 566
::1 - - [28/Apr/2024:18:55:18 +0000] "GET /api/v1/portfolio/getAllPortfolio?username=vaibhav HTTP/1.1" 304 -
::1 - - [28/Apr/2024:18:55:26 +0000] "GET /api/v1/portfolio/getAllPortfolio?username=shailendra HTTP/1.1" 304 -
::1 - - [28/Apr/2024:19:07:01 +0000] "POST /api/v1/portfolio/login HTTP/1.1" 200 245
::1 - - [28/Apr/2024:19:07:01 +0000] "GET /api/v1/portfolio/getAllPortfolio?username=shailendra HTTP/1.1" 304 -
::1 - - [28/Apr/2024:19:13:57 +0000] "GET /api/v1/portfolio/getAllPortfolio?username=shailendra HTTP/1.1" 304 -
::1 - - [28/Apr/2024:19:28:35 +0000] "POST /api/v1/portfolio/updateSocial HTTP/1.1" 200 198
::1 - - [28/Apr/2024:19:28:47 +0000] "GET /api/v1/portfolio/getAllPortfolio?username=shailendra HTTP/1.1" 200 4966
::1 - - [28/Apr/2024:19:33:46 +0000] "POST /api/v1/portfolio/removeExperience HTTP/1.1" 200 169
::1 - - [28/Apr/2024:19:33:46 +0000] "GET /api/v1/portfolio/getAllPortfolio HTTP/1.1" 200 27
::1 - - [28/Apr/2024:19:34:49 +0000] "GET /api/v1/portfolio/getAllPortfolio?username=shailendra HTTP/1.1" 200 4862
::1 - - [28/Apr/2024:19:35:17 +0000] "POST /api/v1/portfolio/removeExperience HTTP/1.1" 200 169
::1 - - [28/Apr/2024:19:35:17 +0000] "GET /api/v1/portfolio/getAllPortfolio HTTP/1.1" 304 -
::1 - - [28/Apr/2024:19:38:11 +0000] "POST /api/v1/portfolio/login HTTP/1.1" 200 245
::1 - - [28/Apr/2024:19:38:11 +0000] "GET /api/v1/portfolio/getAllPortfolio?username=shailendra HTTP/1.1" 200 4758
::1 - - [28/Apr/2024:19:39:23 +0000] "POST /api/v1/portfolio/removeExperience HTTP/1.1" 200 169
::1 - - [28/Apr/2024:19:39:23 +0000] "GET /api/v1/portfolio/getAllPortfolio?username=shailendra HTTP/1.1" 200 4654
::1 - - [28/Apr/2024:19:39:26 +0000] "POST /api/v1/portfolio/removeExperience HTTP/1.1" 200 169
::1 - - [28/Apr/2024:19:39:26 +0000] "GET /api/v1/portfolio/getAllPortfolio?username=shailendra HTTP/1.1" 200 4550
::1 - - [28/Apr/2024:19:39:28 +0000] "POST /api/v1/portfolio/removeExperience HTTP/1.1" 200 169
::1 - - [28/Apr/2024:19:39:28 +0000] "GET /api/v1/portfolio/getAllPortfolio?username=shailendra HTTP/1.1" 200 4440
::1 - - [28/Apr/2024:19:39:38 +0000] "POST /api/v1/portfolio/removeProject HTTP/1.1" 200 166
::1 - - [28/Apr/2024:19:39:38 +0000] "GET /api/v1/portfolio/getAllPortfolio?username=shailendra HTTP/1.1" 200 4223
::1 - - [28/Apr/2024:19:39:39 +0000] "POST /api/v1/portfolio/removeProject HTTP/1.1" 200 166
::1 - - [28/Apr/2024:19:39:39 +0000] "GET /api/v1/portfolio/getAllPortfolio?username=shailendra HTTP/1.1" 200 4005
::1 - - [28/Apr/2024:19:39:41 +0000] "POST /api/v1/portfolio/removeProject HTTP/1.1" 200 166
::1 - - [28/Apr/2024:19:39:41 +0000] "GET /api/v1/portfolio/getAllPortfolio?username=shailendra HTTP/1.1" 200 3787
::1 - - [28/Apr/2024:19:39:43 +0000] "POST /api/v1/portfolio/removeProject HTTP/1.1" 200 166
::1 - - [28/Apr/2024:19:39:43 +0000] "GET /api/v1/portfolio/getAllPortfolio?username=shailendra HTTP/1.1" 200 3569
::1 - - [28/Apr/2024:19:39:44 +0000] "POST /api/v1/portfolio/removeProject HTTP/1.1" 200 166
::1 - - [28/Apr/2024:19:39:44 +0000] "GET /api/v1/portfolio/getAllPortfolio?username=shailendra HTTP/1.1" 200 3352
::1 - - [28/Apr/2024:19:39:46 +0000] "POST /api/v1/portfolio/removeProject HTTP/1.1" 200 166
::1 - - [28/Apr/2024:19:39:46 +0000] "GET /api/v1/portfolio/getAllPortfolio?username=shailendra HTTP/1.1" 200 3135
::1 - - [28/Apr/2024:19:39:51 +0000] "GET /api/v1/portfolio/getAllPortfolio?username=shailendra HTTP/1.1" 304 -
::1 - - [28/Apr/2024:19:40:18 +0000] "GET /api/v1/portfolio/getAllPortfolio?username=shailendra HTTP/1.1" 304 -
::1 - - [28/Apr/2024:19:40:27 +0000] "POST /api/v1/portfolio/login HTTP/1.1" 200 245
::1 - - [28/Apr/2024:19:40:27 +0000] "GET /api/v1/portfolio/getAllPortfolio?username=shailendra HTTP/1.1" 304 -
::1 - - [28/Apr/2024:19:41:01 +0000] "POST /api/v1/portfolio/addUpdateExperience HTTP/1.1" 200 169
::1 - - [28/Apr/2024:19:41:01 +0000] "GET /api/v1/portfolio/getAllPortfolio?username=shailendra HTTP/1.1" 200 3137
::1 - - [28/Apr/2024:19:41:03 +0000] "GET /api/v1/portfolio/getAllPortfolio?username=shailendra HTTP/1.1" 304 -
::1 - - [28/Apr/2024:19:53:15 +0000] "POST /api/v1/portfolio/addUpdateProject HTTP/1.1" 200 166
::1 - - [28/Apr/2024:19:53:15 +0000] "GET /api/v1/portfolio/getAllPortfolio?username=shailendra HTTP/1.1" 200 3146
::1 - - [28/Apr/2024:19:53:33 +0000] "POST /api/v1/portfolio/addUpdateProject HTTP/1.1" 200 166
::1 - - [28/Apr/2024:19:53:33 +0000] "GET /api/v1/portfolio/getAllPortfolio?username=shailendra HTTP/1.1" 200 3141
::1 - - [28/Apr/2024:19:54:38 +0000] "POST /api/v1/portfolio/addUpdateProject HTTP/1.1" 200 166
::1 - - [28/Apr/2024:19:54:38 +0000] "GET /api/v1/portfolio/getAllPortfolio?username=shailendra HTTP/1.1" 200 3146
::1 - - [28/Apr/2024:19:54:52 +0000] "POST /api/v1/portfolio/addUpdateProject HTTP/1.1" 200 166
::1 - - [28/Apr/2024:19:54:52 +0000] "GET /api/v1/portfolio/getAllPortfolio?username=shailendra HTTP/1.1" 200 3141
::1 - - [28/Apr/2024:19:56:54 +0000] "POST /api/v1/portfolio/addUpdateProject HTTP/1.1" 200 166
::1 - - [28/Apr/2024:19:56:54 +0000] "GET /api/v1/portfolio/getAllPortfolio?username=shailendra HTTP/1.1" 200 3146
::1 - - [28/Apr/2024:19:57:21 +0000] "POST /api/v1/portfolio/addUpdateProject HTTP/1.1" 200 166
::1 - - [28/Apr/2024:19:57:21 +0000] "GET /api/v1/portfolio/getAllPortfolio?username=shailendra HTTP/1.1" 200 3139
::1 - - [28/Apr/2024:19:58:54 +0000] "POST /api/v1/portfolio/addUpdateProject HTTP/1.1" 200 166
::1 - - [28/Apr/2024:19:58:54 +0000] "GET /api/v1/portfolio/getAllPortfolio?username=shailendra HTTP/1.1" 304 -
::1 - - [28/Apr/2024:19:59:18 +0000] "GET /api/v1/portfolio/getAllPortfolio?username=shailendra HTTP/1.1" 304 -
::1 - - [28/Apr/2024:19:59:42 +0000] "POST /api/v1/portfolio/addUpdateProject HTTP/1.1" 200 166
::1 - - [28/Apr/2024:19:59:42 +0000] "GET /api/v1/portfolio/getAllPortfolio?username=shailendra HTTP/1.1" 200 3137
::1 - - [28/Apr/2024:20:00:04 +0000] "POST /api/v1/portfolio/addUpdateExperience HTTP/1.1" 200 169
::1 - - [28/Apr/2024:20:00:04 +0000] "GET /api/v1/portfolio/getAllPortfolio?username=shailendra HTTP/1.1" 200 3135
::1 - - [28/Apr/2024:20:01:50 +0000] "GET /api/v1/portfolio/getAllPortfolio?username=shailendra HTTP/1.1" 304 -
::1 - - [28/Apr/2024:20:02:11 +0000] "GET /api/v1/portfolio/getAllPortfolio?username=shailendra HTTP/1.1" 304 -
::1 - - [06/May/2024:09:02:58 +0000] "GET /api/v1/portfolio/getAllPortfolio?username=shailendra HTTP/1.1" 304 -
::1 - - [06/May/2024:09:25:38 +0000] "GET /api/v1/portfolio/getAllPortfolio?username=shailendra HTTP/1.1" 304 -
::1 - - [06/May/2024:09:25:55 +0000] "POST /api/v1/portfolio/login HTTP/1.1" 200 245
::1 - - [06/May/2024:09:25:55 +0000] "GET /api/v1/portfolio/getAllPortfolio?username=shailendra HTTP/1.1" 304 -
::1 - - [06/May/2024:09:26:02 +0000] "GET /api/v1/portfolio/getAllPortfolio?username=shailendra HTTP/1.1" 304 -
::1 - - [06/May/2024:09:27:37 +0000] "POST /api/v1/portfolio/login HTTP/1.1" 200 245
::1 - - [06/May/2024:09:27:37 +0000] "GET /api/v1/portfolio/getAllPortfolio?username=shailendra HTTP/1.1" 304 -
::1 - - [06/May/2024:09:27:40 +0000] "GET /api/v1/portfolio/getAllPortfolio?username=shailendra HTTP/1.1" 304 -
::1 - - [06/May/2024:09:29:03 +0000] "GET /api/v1/portfolio/getAllPortfolio?username=shailendra HTTP/1.1" 304 -
::1 - - [06/May/2024:09:32:07 +0000] "GET /api/v1/portfolio/getAllPortfolio?username=shailendra HTTP/1.1" 304 -
::1 - - [06/May/2024:09:34:55 +0000] "GET /api/v1/portfolio/getAllPortfolio?username=shailendra HTTP/1.1" 304 -
::1 - - [06/May/2024:09:35:09 +0000] "GET /api/v1/portfolio/getAllPortfolio?username=shailendra HTTP/1.1" 304 -
::1 - - [06/May/2024:09:35:50 +0000] "GET /api/v1/portfolio/getAllPortfolio?username=shailendra HTTP/1.1" 304 -
::1 - - [06/May/2024:09:36:06 +0000] "GET /api/v1/portfolio/getAllPortfolio?username=shailendra HTTP/1.1" 304 -
::1 - - [06/May/2024:09:44:32 +0000] "GET /api/v1/portfolio/getAllPortfolio?username=shailendra HTTP/1.1" 304 -
::1 - - [06/May/2024:09:54:43 +0000] "GET /api/v1/portfolio/getAllPortfolio?username=shailendra HTTP/1.1" 304 -
::1 - - [06/May/2024:10:04:07 +0000] "GET /api/v1/portfolio/getAllPortfolio?username=shailendra HTTP/1.1" 304 -
::1 - - [06/May/2024:10:07:58 +0000] "GET /api/v1/portfolio/getAllPortfolio?username=shailendra HTTP/1.1" 304 -
::1 - - [06/May/2024:10:08:01 +0000] "GET /api/v1/portfolio/getAllPortfolio?username=shailendra HTTP/1.1" 304 -
::1 - - [06/May/2024:10:15:53 +0000] "GET /api/v1/portfolio/getAllPortfolio?username=shailendra HTTP/1.1" 304 -
::1 - - [09/May/2024:09:14:03 +0000] "GET /api/v1/portfolio/getAllPortfolio?username=shailendra HTTP/1.1" 200 3135
::1 - - [09/May/2024:09:16:38 +0000] "GET /api/v1/portfolio/getAllPortfolio?username=shailendra HTTP/1.1" 304 -
::1 - - [09/May/2024:09:28:45 +0000] "GET /api/v1/portfolio/getAllPortfolio?username=shailendra HTTP/1.1" 304 -
::1 - - [09/May/2024:09:28:54 +0000] "GET /api/v1/portfolio/getAllPortfolio?username=shailendra HTTP/1.1" 304 -
::1 - - [09/May/2024:09:29:09 +0000] "GET /api/v1/portfolio/getAllPortfolio?username=shailendra HTTP/1.1" 304 -
::1 - - [09/May/2024:09:29:30 +0000] "GET /api/v1/portfolio/getAllPortfolio?username=shailendra HTTP/1.1" 304 -
::1 - - [09/May/2024:09:29:32 +0000] "GET /api/v1/portfolio/getAllPortfolio?username=shailendra HTTP/1.1" 304 -
::1 - - [09/May/2024:09:29:34 +0000] "GET /api/v1/portfolio/getAllPortfolio?username=shailendra HTTP/1.1" 304 -
::1 - - [09/May/2024:09:29:35 +0000] "GET /api/v1/portfolio/getAllPortfolio?username=shailendra HTTP/1.1" 304 -
::1 - - [09/May/2024:09:30:59 +0000] "GET /api/v1/portfolio/getAllPortfolio?username=shailendra HTTP/1.1" 304 -
::1 - - [09/May/2024:09:33:19 +0000] "POST /api/v1/portfolio/login HTTP/1.1" 200 247
::1 - - [09/May/2024:09:33:19 +0000] "GET /api/v1/portfolio/getAllPortfolio?username=vaibhav HTTP/1.1" 304 -
::1 - - [09/May/2024:09:33:23 +0000] "GET /api/v1/portfolio/getAllPortfolio?username=vaibhav HTTP/1.1" 304 -
::1 - - [09/May/2024:09:39:34 +0000] "POST /api/v1/portfolio/login HTTP/1.1" 200 245
::1 - - [09/May/2024:09:39:34 +0000] "GET /api/v1/portfolio/getAllPortfolio?username=shailendra HTTP/1.1" 304 -
::1 - - [09/May/2024:09:39:36 +0000] "GET /api/v1/portfolio/getAllPortfolio?username=shailendra HTTP/1.1" 304 -
::1 - - [09/May/2024:10:15:15 +0000] "GET /api/v1/portfolio/getAllPortfolio?username=shailendra HTTP/1.1" 304 -
::1 - - [09/May/2024:10:21:34 +0000] "GET /api/v1/portfolio/getAllPortfolio?username=shailendra HTTP/1.1" 304 -
::1 - - [09/May/2024:10:31:25 +0000] "GET /api/v1/portfolio/getAllPortfolio?username=shailendra HTTP/1.1" 304 -
::1 - - [09/May/2024:10:42:05 +0000] "GET /api/v1/portfolio/getAllPortfolio?username=shailendra HTTP/1.1" 304 -
::1 - - [09/May/2024:10:42:24 +0000] "POST /api/v1/portfolio/login HTTP/1.1" 200 245
::1 - - [09/May/2024:10:42:24 +0000] "GET /api/v1/portfolio/getAllPortfolio?username=shailendra HTTP/1.1" 304 -
::1 - - [09/May/2024:10:43:14 +0000] "GET /api/v1/portfolio/getAllPortfolio?username=shailendra HTTP/1.1" 304 -
::1 - - [09/May/2024:10:43:28 +0000] "POST /api/v1/portfolio/login HTTP/1.1" 200 245
::1 - - [09/May/2024:10:43:28 +0000] "GET /api/v1/portfolio/getAllPortfolio?username=shailendra HTTP/1.1" 304 -
::1 - - [09/May/2024:10:45:17 +0000] "GET /api/v1/portfolio/getAllPortfolio?username=shailendra HTTP/1.1" 304 -
::1 - - [09/May/2024:10:47:01 +0000] "GET /api/v1/portfolio/getAllPortfolio?username=shailendra HTTP/1.1" 304 -
::1 - - [09/May/2024:10:47:17 +0000] "GET /api/v1/portfolio/getAllPortfolio?username=shailendra HTTP/1.1" 304 -
::1 - - [09/May/2024:11:19:13 +0000] "POST /api/v1/portfolio/signup HTTP/1.1" 400 70
::1 - - [09/May/2024:11:21:38 +0000] "POST /api/v1/portfolio/signup HTTP/1.1" 400 70
::1 - - [09/May/2024:11:25:03 +0000] "POST /api/v1/portfolio/signup HTTP/1.1" 400 70
::1 - - [09/May/2024:11:28:08 +0000] "POST /api/v1/portfolio/signup HTTP/1.1" 400 70
::1 - - [09/May/2024:11:28:56 +0000] "POST /api/v1/portfolio/signup HTTP/1.1" 400 84
::1 - - [09/May/2024:11:29:02 +0000] "POST /api/v1/portfolio/signup HTTP/1.1" 400 84
::1 - - [09/May/2024:11:30:20 +0000] "POST /api/v1/portfolio/signup HTTP/1.1" 400 84
::1 - - [09/May/2024:11:31:51 +0000] "POST /api/v1/portfolio/signup HTTP/1.1" 400 76
::1 - - [09/May/2024:11:32:49 +0000] "POST /api/v1/portfolio/signup HTTP/1.1" 200 274
::1 - - [09/May/2024:11:40:24 +0000] "POST /api/v1/portfolio/signup HTTP/1.1" 200 274
::1 - - [09/May/2024:11:46:21 +0000] "POST /api/v1/portfolio/signup HTTP/1.1" 200 274
::1 - - [09/May/2024:12:24:52 +0000] "POST /api/v1/portfolio/signup HTTP/1.1" 200 274
::1 - - [09/May/2024:12:28:30 +0000] "POST /api/v1/portfolio/signup HTTP/1.1" 200 274
::1 - - [09/May/2024:12:33:26 +0000] "POST /api/v1/portfolio/signup HTTP/1.1" 200 274
::1 - - [09/May/2024:12:38:31 +0000] "POST /api/v1/portfolio/signup HTTP/1.1" 200 274
::1 - - [09/May/2024:17:26:05 +0000] "POST /api/v1/portfolio/signup HTTP/1.1" 500 304
::1 - - [09/May/2024:17:29:28 +0000] "POST /api/v1/portfolio/signup HTTP/1.1" 302 304
::1 - - [09/May/2024:17:32:23 +0000] "POST /api/v1/portfolio/signup HTTP/1.1" 302 304
::1 - - [09/May/2024:18:37:02 +0000] "GET /api/v1/portfolio/callback?code=4/0AdLIrYeSeKxVuQYxL6EALNMiypnnzmjfqd1ufKhRh7UiP-5oF8bmOjqH1RAPLfjniCYmbw&scope=https://mail.google.com/ HTTP/1.1" 404 164
::1 - - [09/May/2024:18:40:58 +0000] "GET /api/v1/portfolio/callback?code=4/0AdLIrYe62OQSz-PwJcTSngGII4q7It6MuEy46xsoI4AUlV9_9bYStXYpXpHY6_-S3FPaXQ&scope=https://mail.google.com/ HTTP/1.1" 404 164
::1 - - [09/May/2024:18:41:17 +0000] "GET /api/v1/portfolio/callback?code=4/0AdLIrYe62OQSz-PwJcTSngGII4q7It6MuEy46xsoI4AUlV9_9bYStXYpXpHY6_-S3FPaXQ&scope=https://mail.google.com/ HTTP/1.1" 400 79
::1 - - [09/May/2024:18:41:17 +0000] "GET /favicon.ico HTTP/1.1" 404 150
::1 - - [09/May/2024:18:42:57 +0000] "GET /api/v1/portfolio/callback?code=4/0AdLIrYe62OQSz-PwJcTSngGII4q7It6MuEy46xsoI4AUlV9_9bYStXYpXpHY6_-S3FPaXQ&scope=https://mail.google.com/ HTTP/1.1" 400 70
::1 - - [09/May/2024:18:44:03 +0000] "GET /api/v1/portfolio/callback?code=4/0AdLIrYe62OQSz-PwJcTSngGII4q7It6MuEy46xsoI4AUlV9_9bYStXYpXpHY6_-S3FPaXQ&scope=https://mail.google.com/ HTTP/1.1" 400 1886
::1 - - [09/May/2024:18:49:22 +0000] "GET /api/v1/portfolio/callback?code=4/0AdLIrYe62OQSz-PwJcTSngGII4q7It6MuEy46xsoI4AUlV9_9bYStXYpXpHY6_-S3FPaXQ&scope=https://mail.google.com/ HTTP/1.1" 400 1886
::1 - - [09/May/2024:18:50:55 +0000] "GET /api/v1/portfolio/callback?code=4/0AdLIrYe62OQSz-PwJcTSngGII4q7It6MuEy46xsoI4AUlV9_9bYStXYpXpHY6_-S3FPaXQ&scope=https://mail.google.com/ HTTP/1.1" 400 1911
::1 - - [12/May/2024:19:11:27 +0000] "GET /api/v1/portfolio/getAllPortfolio?username=shailendra HTTP/1.1" 304 -
::1 - - [12/May/2024:19:15:50 +0000] "POST /api/v1/portfolio/signup HTTP/1.1" - -
::1 - - [13/May/2024:08:11:40 +0000] "GET /api/v1/portfolio/getAllPortfolio?username=shailendra HTTP/1.1" 304 -
::1 - - [13/May/2024:08:13:24 +0000] "POST /api/v1/portfolio/signup HTTP/1.1" 400 79
::1 - - [13/May/2024:08:13:52 +0000] "POST /api/v1/portfolio/signup HTTP/1.1" 200 274
::1 - - [13/May/2024:08:16:00 +0000] "POST /api/v1/portfolio/signup HTTP/1.1" 200 274
::1 - - [13/May/2024:08:17:22 +0000] "POST /api/v1/portfolio/signup HTTP/1.1" 400 1067
::1 - - [13/May/2024:08:18:46 +0000] "POST /api/v1/portfolio/login HTTP/1.1" 200 246
::1 - - [13/May/2024:08:18:46 +0000] "GET /api/v1/portfolio/getAllPortfolio?username=shailendra HTTP/1.1" 304 -
::1 - - [13/May/2024:08:18:53 +0000] "GET /api/v1/portfolio/getAllPortfolio?username=shailendra HTTP/1.1" 304 -
::1 - - [13/May/2024:08:23:16 +0000] "POST /api/v1/portfolio/signup HTTP/1.1" 200 274
::1 - - [05/Jul/2024:09:59:51 +0000] "GET /api/v1/portfolio/getAllPortfolio?username=shailendra HTTP/1.1" 200 27
::1 - - [05/Jul/2024:10:00:15 +0000] "GET /api/v1/portfolio/getAllPortfolio?username=shailendra HTTP/1.1" 304 -
::1 - - [05/Jul/2024:10:00:31 +0000] "POST /api/v1/portfolio/login HTTP/1.1" 400 70
::1 - - [05/Jul/2024:10:00:37 +0000] "POST /api/v1/portfolio/login HTTP/1.1" 400 70
::1 - - [05/Jul/2024:10:00:42 +0000] "POST /api/v1/portfolio/login HTTP/1.1" 400 70
::1 - - [05/Jul/2024:10:00:47 +0000] "POST /api/v1/portfolio/login HTTP/1.1" 400 70
::1 - - [05/Jul/2024:10:02:10 +0000] "POST /api/v1/portfolio/signup HTTP/1.1" 200 278
::1 - - [05/Jul/2024:10:02:31 +0000] "POST /api/v1/portfolio/login HTTP/1.1" 200 245
::1 - - [05/Jul/2024:10:02:31 +0000] "GET /api/v1/portfolio/getAllPortfolio?username=shailendra HTTP/1.1" 304 -
::1 - - [05/Jul/2024:10:02:42 +0000] "GET /api/v1/portfolio/getAllPortfolio?username=shailendra HTTP/1.1" 304 -
::1 - - [05/Jul/2024:10:04:57 +0000] "POST /api/v1/portfolio/updateIntro HTTP/1.1" 200 356
::1 - - [05/Jul/2024:10:05:00 +0000] "GET /api/v1/portfolio/getAllPortfolio?username=shailendra HTTP/1.1" 200 317
::1 - - [05/Jul/2024:10:05:34 +0000] "GET /api/v1/portfolio/getAllPortfolio?username=shailendra HTTP/1.1" 304 -
::1 - - [05/Jul/2024:10:05:57 +0000] "POST /api/v1/portfolio/login HTTP/1.1" 200 245
::1 - - [05/Jul/2024:10:05:57 +0000] "GET /api/v1/portfolio/getAllPortfolio?username=shailendra HTTP/1.1" 304 -
::1 - - [05/Jul/2024:10:06:04 +0000] "GET /api/v1/portfolio/getAllPortfolio?username=shailendra HTTP/1.1" 304 -
::1 - - [05/Jul/2024:10:06:08 +0000] "GET /api/v1/portfolio/getAllPortfolio?username=shailendra HTTP/1.1" 304 -
::1 - - [05/Jul/2024:10:08:17 +0000] "POST /api/v1/portfolio/updateAbout HTTP/1.1" 200 704
::1 - - [05/Jul/2024:10:08:20 +0000] "GET /api/v1/portfolio/getAllPortfolio?username=shailendra HTTP/1.1" 200 958
::1 - - [05/Jul/2024:10:08:52 +0000] "POST /api/v1/portfolio/updateAbout HTTP/1.1" 200 728
::1 - - [05/Jul/2024:10:08:54 +0000] "GET /api/v1/portfolio/getAllPortfolio?username=shailendra HTTP/1.1" 200 982
::ffff:127.0.0.1 - - [05/Jul/2024:10:08:55 +0000] "GET /about.png HTTP/1.1" 404 148
::1 - - [05/Jul/2024:10:09:39 +0000] "POST /api/v1/portfolio/updateAbout HTTP/1.1" 200 732
::ffff:127.0.0.1 - - [05/Jul/2024:10:09:41 +0000] "GET /about.png HTTP/1.1" 404 148
::1 - - [05/Jul/2024:10:09:41 +0000] "GET /api/v1/portfolio/getAllPortfolio?username=shailendra HTTP/1.1" 200 986
::1 - - [05/Jul/2024:10:11:10 +0000] "POST /api/v1/portfolio/updateContact HTTP/1.1" 200 259
::1 - - [05/Jul/2024:10:11:12 +0000] "GET /api/v1/portfolio/getAllPortfolio?username=shailendra HTTP/1.1" 200 1117
::1 - - [05/Jul/2024:10:19:45 +0000] "POST /api/v1/portfolio/addUpdateExperience HTTP/1.1" 200 312
::1 - - [05/Jul/2024:10:19:45 +0000] "GET /api/v1/portfolio/getAllPortfolio?username=shailendra HTTP/1.1" 200 1286
::1 - - [05/Jul/2024:10:19:53 +0000] "GET /api/v1/portfolio/getAllPortfolio?username=shailendra HTTP/1.1" 304 -
::1 - - [05/Jul/2024:10:20:57 +0000] "POST /api/v1/portfolio/addUpdateExperience HTTP/1.1" 200 457
::1 - - [05/Jul/2024:10:20:57 +0000] "GET /api/v1/portfolio/getAllPortfolio?username=shailendra HTTP/1.1" 200 1431
::1 - - [05/Jul/2024:10:21:37 +0000] "POST /api/v1/portfolio/addUpdateExperience HTTP/1.1" 200 601
::1 - - [05/Jul/2024:10:21:37 +0000] "GET /api/v1/portfolio/getAllPortfolio?username=shailendra HTTP/1.1" 200 1575
::1 - - [05/Jul/2024:10:21:39 +0000] "GET /api/v1/portfolio/getAllPortfolio?username=shailendra HTTP/1.1" 304 -
::1 - - [05/Jul/2024:10:24:16 +0000] "GET /api/v1/portfolio/getAllPortfolio?username=shailendra HTTP/1.1" 200 1559
::1 - - [05/Jul/2024:10:29:06 +0000] "POST /api/v1/portfolio/addUpdateProject HTTP/1.1" 200 647
::1 - - [05/Jul/2024:10:29:06 +0000] "GET /api/v1/portfolio/getAllPortfolio?username=shailendra HTTP/1.1" 200 2066
::1 - - [05/Jul/2024:10:30:14 +0000] "POST /api/v1/portfolio/addUpdateProject HTTP/1.1" 200 914
::1 - - [05/Jul/2024:10:30:14 +0000] "GET /api/v1/portfolio/getAllPortfolio?username=shailendra HTTP/1.1" 200 2333
::1 - - [05/Jul/2024:10:30:17 +0000] "GET /api/v1/portfolio/getAllPortfolio?username=shailendra HTTP/1.1" 304 -
::1 - - [05/Jul/2024:10:55:47 +0000] "POST /api/v1/portfolio/addUpdateExperience HTTP/1.1" 200 169
::1 - - [05/Jul/2024:10:55:47 +0000] "GET /api/v1/portfolio/getAllPortfolio?username=shailendra HTTP/1.1" 200 2741
::ffff:127.0.0.1 - - [05/Jul/2024:10:55:47 +0000] "GET /admin HTTP/1.1" 404 144
::ffff:127.0.0.1 - - [05/Jul/2024:10:55:47 +0000] "GET /admin HTTP/1.1" 404 144
::1 - - [05/Jul/2024:10:56:33 +0000] "POST /api/v1/portfolio/addUpdateExperience HTTP/1.1" 200 169
::1 - - [05/Jul/2024:10:56:33 +0000] "GET /api/v1/portfolio/getAllPortfolio?username=shailendra HTTP/1.1" 200 2979
::1 - - [05/Jul/2024:11:01:43 +0000] "POST /api/v1/portfolio/addUpdateExperience HTTP/1.1" 200 169
::1 - - [05/Jul/2024:11:01:43 +0000] "GET /api/v1/portfolio/getAllPortfolio?username=shailendra HTTP/1.1" 200 3167
::1 - - [05/Jul/2024:11:01:49 +0000] "GET /api/v1/portfolio/getAllPortfolio?username=shailendra HTTP/1.1" 304 -
::1 - - [05/Jul/2024:11:04:39 +0000] "GET /api/v1/portfolio/getAllPortfolio?username=shailendra HTTP/1.1" 304 -
::1 - - [05/Jul/2024:11:05:54 +0000] "GET /api/v1/portfolio/getAllPortfolio?username=shailendra HTTP/1.1" 304 -
::1 - - [05/Jul/2024:11:07:01 +0000] "GET /api/v1/portfolio/getAllPortfolio?username=shailendra HTTP/1.1" 304 -
::1 - - [05/Jul/2024:11:08:20 +0000] "GET /api/v1/portfolio/getAllPortfolio?username=shailendra HTTP/1.1" 304 -
::1 - - [05/Jul/2024:11:11:07 +0000] "GET /api/v1/portfolio/getAllPortfolio?username=shailendra HTTP/1.1" 304 -
::1 - - [05/Jul/2024:11:11:52 +0000] "GET /api/v1/portfolio/getAllPortfolio?username=shailendra HTTP/1.1" 304 -
::1 - - [05/Jul/2024:11:49:55 +0000] "GET /api/v1/portfolio/getAllPortfolio?username=shailendra HTTP/1.1" 304 -
::1 - - [05/Jul/2024:11:50:10 +0000] "POST /api/v1/portfolio/login HTTP/1.1" 200 245
::1 - - [05/Jul/2024:11:50:10 +0000] "GET /api/v1/portfolio/getAllPortfolio?username=shailendra HTTP/1.1" 304 -
::ffff:127.0.0.1 - - [05/Jul/2024:11:50:10 +0000] "GET /admin HTTP/1.1" 404 144
::ffff:127.0.0.1 - - [05/Jul/2024:11:50:10 +0000] "GET /admin HTTP/1.1" 404 144
::1 - - [05/Jul/2024:11:50:13 +0000] "GET /api/v1/portfolio/getAllPortfolio?username=shailendra HTTP/1.1" 304 -
::1 - - [05/Jul/2024:11:50:55 +0000] "POST /api/v1/portfolio/signup HTTP/1.1" 200 280
::1 - - [05/Jul/2024:11:51:04 +0000] "POST /api/v1/portfolio/login HTTP/1.1" 200 247
::1 - - [05/Jul/2024:11:51:04 +0000] "GET /api/v1/portfolio/getAllPortfolio?username=vaibhav HTTP/1.1" 200 27
::1 - - [05/Jul/2024:11:51:10 +0000] "GET /api/v1/portfolio/getAllPortfolio?username=vaibhav HTTP/1.1" 304 -
::1 - - [05/Jul/2024:11:51:18 +0000] "GET /api/v1/portfolio/getAllPortfolio?username=vaibhav HTTP/1.1" 304 -
::1 - - [05/Jul/2024:11:51:48 +0000] "POST /api/v1/portfolio/updateIntro HTTP/1.1" 200 166
::1 - - [05/Jul/2024:11:51:50 +0000] "GET /api/v1/portfolio/getAllPortfolio?username=vaibhav HTTP/1.1" 200 127
::1 - - [05/Jul/2024:11:53:06 +0000] "GET /api/v1/portfolio/getAllPortfolio?username=vaibhav HTTP/1.1" 304 -
::ffff:127.0.0.1 - - [05/Jul/2024:11:53:06 +0000] "GET /admin HTTP/1.1" 404 144
::ffff:127.0.0.1 - - [05/Jul/2024:11:53:07 +0000] "GET /admin HTTP/1.1" 404 144
::1 - - [05/Jul/2024:11:53:42 +0000] "GET /api/v1/portfolio/getAllPortfolio?username=vaibhav HTTP/1.1" 304 -
::1 - - [05/Jul/2024:11:55:29 +0000] "POST /api/v1/portfolio/login HTTP/1.1" 200 245
::1 - - [05/Jul/2024:11:55:29 +0000] "GET /api/v1/portfolio/getAllPortfolio?username=shailendra HTTP/1.1" 304 -
::1 - - [05/Jul/2024:11:55:31 +0000] "GET /api/v1/portfolio/getAllPortfolio?username=shailendra HTTP/1.1" 304 -
::1 - - [05/Jul/2024:12:55:43 +0000] "GET /api/v1/portfolio/getAllPortfolio?username=shailendra HTTP/1.1" 200 27
::1 - - [05/Jul/2024:12:55:49 +0000] "GET /api/v1/portfolio/getAllPortfolio?username=shailendra HTTP/1.1" 304 -
::1 - - [05/Jul/2024:12:56:03 +0000] "GET /api/v1/portfolio/getAllPortfolio?username=shailendra HTTP/1.1" 304 -
::1 - - [05/Jul/2024:12:59:20 +0000] "GET /api/v1/portfolio/getAllPortfolio?username=shailendra HTTP/1.1" 304 -
::1 - - [05/Jul/2024:12:59:27 +0000] "POST /api/v1/portfolio/login HTTP/1.1" 400 70
::1 - - [05/Jul/2024:13:02:41 +0000] "POST /api/v1/portfolio/login HTTP/1.1" 400 70
::1 - - [05/Jul/2024:13:03:23 +0000] "POST /api/v1/portfolio/login HTTP/1.1" 400 54
::1 - - [05/Jul/2024:13:05:24 +0000] "POST /api/v1/portfolio/login HTTP/1.1" 400 54
::1 - - [05/Jul/2024:13:06:23 +0000] "POST /api/v1/portfolio/login HTTP/1.1" 400 54
::1 - - [05/Jul/2024:13:07:30 +0000] "POST /api/v1/portfolio/login HTTP/1.1" 400 54
::1 - - [05/Jul/2024:13:08:28 +0000] "POST /api/v1/portfolio/login HTTP/1.1" 400 29
::1 - - [05/Jul/2024:13:09:29 +0000] "POST /api/v1/portfolio/login HTTP/1.1" 400 29
::1 - - [05/Jul/2024:13:09:45 +0000] "POST /api/v1/portfolio/login HTTP/1.1" 400 54
::1 - - [05/Jul/2024:13:12:46 +0000] "POST /api/v1/portfolio/login HTTP/1.1" 400 70
::1 - - [05/Jul/2024:13:14:45 +0000] "POST /api/v1/portfolio/signup HTTP/1.1" 200 278
::1 - - [05/Jul/2024:13:18:39 +0000] "POST /api/v1/portfolio/login HTTP/1.1" 200 245
::1 - - [05/Jul/2024:13:18:39 +0000] "GET /api/v1/portfolio/getAllPortfolio?username=shailendra HTTP/1.1" 200 1091
::1 - - [05/Jul/2024:13:18:43 +0000] "GET /api/v1/portfolio/getAllPortfolio?username=shailendra HTTP/1.1" 304 -
::1 - - [05/Jul/2024:13:20:51 +0000] "GET /api/v1/portfolio/getAllPortfolio?username=shailendra HTTP/1.1" 200 3167
::ffff:127.0.0.1 - - [05/Jul/2024:13:27:22 +0000] "POST /undefined/api/v1/portfolio/login HTTP/1.1" 404 172
::1 - - [05/Jul/2024:13:28:08 +0000] "GET /api/v1/portfolio/getAllPortfolio?username=shailendra HTTP/1.1" 304 -
::1 - - [05/Jul/2024:13:28:19 +0000] "POST /api/v1/portfolio/login HTTP/1.1" 200 245
::ffff:127.0.0.1 - - [05/Jul/2024:13:28:19 +0000] "GET /login HTTP/1.1" 404 144
::ffff:127.0.0.1 - - [05/Jul/2024:13:28:19 +0000] "GET /login HTTP/1.1" 404 144
::1 - - [05/Jul/2024:13:28:20 +0000] "GET /api/v1/portfolio/getAllPortfolio?username=shailendra HTTP/1.1" 304 -
::1 - - [05/Jul/2024:13:29:12 +0000] "POST /api/v1/portfolio/login HTTP/1.1" 200 245
::1 - - [05/Jul/2024:13:29:13 +0000] "GET /api/v1/portfolio/getAllPortfolio?username=shailendra HTTP/1.1" 304 -
::1 - - [05/Jul/2024:13:29:23 +0000] "GET /api/v1/portfolio/getAllPortfolio?username=shailendra HTTP/1.1" 304 -
::1 - - [05/Jul/2024:13:29:37 +0000] "POST /api/v1/portfolio/login HTTP/1.1" 200 245
::ffff:127.0.0.1 - - [05/Jul/2024:13:29:37 +0000] "GET /admin HTTP/1.1" 404 144
::ffff:127.0.0.1 - - [05/Jul/2024:13:29:37 +0000] "GET /admin HTTP/1.1" 404 144
::1 - - [05/Jul/2024:13:29:37 +0000] "GET /api/v1/portfolio/getAllPortfolio?username=shailendra HTTP/1.1" 304 -
::1 - - [05/Jul/2024:18:06:26 +0000] "GET /api/v1/portfolio/getAllPortfolio?username=shailendra HTTP/1.1" 400 67
::ffff:127.0.0.1 - - [05/Jul/2024:18:06:26 +0000] "GET /admin HTTP/1.1" 404 144
::ffff:127.0.0.1 - - [05/Jul/2024:18:06:27 +0000] "GET /admin HTTP/1.1" 404 144
